#
# There is insufficient memory for the Java Runtime Environment to continue.
# Native memory allocation (mmap) failed to map 253755392 bytes for committing reserved memory.
# Possible reasons:
#   The system is out of physical RAM or swap space
#   The process is running with CompressedOops enabled, and the Java Heap may be blocking the growth of the native heap
# Possible solutions:
#   Reduce memory load on the system
#   Increase physical memory or swap space
#   Check if swap backing store is full
#   Decrease Java heap size (-Xmx/-Xms)
#   Decrease number of Java threads
#   Decrease Java thread stack sizes (-Xss)
#   Set larger code cache with -XX:ReservedCodeCacheSize=
#   JVM is running with Unscaled Compressed Oops mode in which the Java heap is
#     placed in the first 4GB address space. The Java Heap base address is the
#     maximum limit for the native heap growth. Please use -XX:HeapBaseMinAddress
#     to set the Java Heap base and to place the Java Heap above 4GB virtual address.
# This output file may be truncated or incomplete.
#
#  Out of Memory Error (os_linux.cpp:2757), pid=30022, tid=0x00007ffb0b8f8700
#
# JRE version: OpenJDK Runtime Environment (8.0_222-b10) (build 1.8.0_222-8u222-b10-1ubuntu1~19.04.1-b10)
# Java VM: OpenJDK 64-Bit Server VM (25.222-b10 mixed mode linux-amd64 compressed oops)
# Failed to write core dump. Core dumps have been disabled. To enable core dumping, try "ulimit -c unlimited" before starting Java again
#

---------------  T H R E A D  ---------------

Current thread (0x00007ffb24073800):  VMThread [stack: 0x00007ffb0b7f9000,0x00007ffb0b8f9000] [id=30029]

Stack: [0x00007ffb0b7f9000,0x00007ffb0b8f9000],  sp=0x00007ffb0b8f73d0,  free space=1016k
Native frames: (J=compiled Java code, j=interpreted, Vv=VM code, C=native code)
V  [libjvm.so+0xa21175]
V  [libjvm.so+0x4b2817]
V  [libjvm.so+0x887418]
V  [libjvm.so+0x87eb0e]
V  [libjvm.so+0x8f70be]
V  [libjvm.so+0x8e6515]
V  [libjvm.so+0x8e6650]
V  [libjvm.so+0x8e6ae1]
V  [libjvm.so+0x8ed787]
V  [libjvm.so+0x8f561d]
V  [libjvm.so+0x8a8789]
V  [libjvm.so+0xa22e56]
V  [libjvm.so+0xa282b6]
V  [libjvm.so+0xa25d37]
V  [libjvm.so+0xa26fdc]
V  [libjvm.so+0xa27268]
V  [libjvm.so+0x8848a2]

VM_Operation (0x00007ffb09b04f20): ParallelGCFailedAllocation, mode: safepoint, requested by thread 0x00007ffb241e7800


---------------  P R O C E S S  ---------------

Java Threads: ( => current thread )
  0x00007ffb241eb000 JavaThread "pool-3-thread-1" [_thread_blocked, id=30040, stack(0x00007ffb09905000,0x00007ffb09a06000)]
  0x00007ffb241e7800 JavaThread "pool-2-thread-1" [_thread_blocked, id=30039, stack(0x00007ffb09a06000,0x00007ffb09b07000)]
  0x00007ffb240ba800 JavaThread "Service Thread" daemon [_thread_blocked, id=30035, stack(0x00007ffb0a14d000,0x00007ffb0a24e000)]
  0x00007ffb240b7800 JavaThread "C1 CompilerThread1" daemon [_thread_blocked, id=30034, stack(0x00007ffb0a24f000,0x00007ffb0a34f000)]
  0x00007ffb240b5000 JavaThread "C2 CompilerThread0" daemon [_thread_blocked, id=30033, stack(0x00007ffb0a350000,0x00007ffb0a450000)]
  0x00007ffb240b3800 JavaThread "Signal Dispatcher" daemon [_thread_blocked, id=30032, stack(0x00007ffb0a450000,0x00007ffb0a551000)]
  0x00007ffb24080000 JavaThread "Finalizer" daemon [_thread_blocked, id=30031, stack(0x00007ffb0b5f6000,0x00007ffb0b6f7000)]
  0x00007ffb2407d800 JavaThread "Reference Handler" daemon [_thread_blocked, id=30030, stack(0x00007ffb0b6f7000,0x00007ffb0b7f8000)]
  0x00007ffb2400a800 JavaThread "main" [_thread_blocked, id=30025, stack(0x00007ffb28e94000,0x00007ffb28f94000)]

Other Threads:
=>0x00007ffb24073800 VMThread [stack: 0x00007ffb0b7f9000,0x00007ffb0b8f9000] [id=30029]
  0x00007ffb240bd000 WatcherThread [stack: 0x00007ffb0a04d000,0x00007ffb0a14d000] [id=30036]

VM state:at safepoint (normal execution)

VM Mutex/Monitor currently owned by a thread:  ([mutex/lock_event])
[0x00007ffb24007850] ExpandHeap_lock - owner thread: 0x00007ffb24073800
[0x00007ffb24007ed0] Threads_lock - owner thread: 0x00007ffb24073800
[0x00007ffb240083d0] Heap_lock - owner thread: 0x00007ffb241e7800

heap address: 0x0000000080000000, size: 2048 MB, Compressed Oops mode: 32-bit
Narrow klass base: 0x0000000000000000, Narrow klass shift: 3
Compressed class space size: 1073741824 Address: 0x0000000100000000

Heap:
 PSYoungGen      total 499200K, used 70578K [0x00000000d5580000, 0x0000000100000000, 0x0000000100000000)
  eden space 325120K, 0% used [0x00000000d5580000,0x00000000d5580000,0x00000000e9300000)
  from space 174080K, 40% used [0x00000000e9300000,0x00000000ed7ec8c0,0x00000000f3d00000)
  to   space 199680K, 0% used [0x00000000f3d00000,0x00000000f3d00000,0x0000000100000000)
 ParOldGen       total 609792K, used 609359K [0x0000000080000000, 0x00000000a5380000, 0x00000000d5580000)
  object space 609792K, 99% used [0x0000000080000000,0x00000000a5313c30,0x00000000a5380000)
 Metaspace       used 5988K, capacity 6736K, committed 7040K, reserved 1056768K
  class space    used 557K, capacity 584K, committed 640K, reserved 1048576K

Card table byte_map: [0x00007ffb28668000,0x00007ffb28a69000] byte_map_base: 0x00007ffb28268000

Marking Bits: (ParMarkBitMap*) 0x00007ffb29f8d360
 Begin Bits: [0x00007ffb11000000, 0x00007ffb13000000)
 End Bits:   [0x00007ffb13000000, 0x00007ffb15000000)

Polling page: 0x00007ffb2a1e3000

CodeCache: size=245760Kb used=7953Kb max_used=7979Kb free=237806Kb
 bounds [0x00007ffb15000000, 0x00007ffb157e0000, 0x00007ffb24000000]
 total_blobs=2062 nmethods=1790 adapters=187
 compilation: enabled

Compilation events (10 events):
Event: 37.185 Thread 0x00007ffb240b5000 nmethod 1803 0x00007ffb157995d0 code [0x00007ffb15799720, 0x00007ffb157997d8]
Event: 37.185 Thread 0x00007ffb240b5000 1801       4       com.android.dx.cf.code.Simulator$SimVisitor::visitConstant (541 bytes)
Event: 37.440 Thread 0x00007ffb240b7800 1910       2       java.util.concurrent.locks.AbstractQueuedSynchronizer::shouldParkAfterFailedAcquire (50 bytes)
Event: 37.441 Thread 0x00007ffb240b7800 nmethod 1910 0x00007ffb15792550 code [0x00007ffb157926c0, 0x00007ffb157928f0]
Event: 37.477 Thread 0x00007ffb240b7800 1911       3       java.util.HashMap$HashIterator::nextNode (100 bytes)
Event: 37.478 Thread 0x00007ffb240b7800 nmethod 1911 0x00007ffb15791c90 code [0x00007ffb15791e40, 0x00007ffb15792318]
Event: 37.515 Thread 0x00007ffb240b7800 1913 % !   3       java.util.concurrent.ConcurrentHashMap::putVal @ 162 (362 bytes)
Event: 37.519 Thread 0x00007ffb240b7800 nmethod 1913% 0x00007ffb151713d0 code [0x00007ffb151716a0, 0x00007ffb15173438]
Event: 37.607 Thread 0x00007ffb240b7800 1914   !   3       java.util.concurrent.ConcurrentHashMap::putVal (362 bytes)
Event: 37.610 Thread 0x00007ffb240b7800 nmethod 1914 0x00007ffb157b0210 code [0x00007ffb157b04e0, 0x00007ffb157b1e78]

GC Heap History (10 events):
Event: 19.904 GC heap after
Heap after GC invocations=12 (full 1):
 PSYoungGen      total 401920K, used 53241K [0x00000000d5580000, 0x00000000fc500000, 0x0000000100000000)
  eden space 348672K, 0% used [0x00000000d5580000,0x00000000d5580000,0x00000000eaa00000)
  from space 53248K, 99% used [0x00000000eaa00000,0x00000000eddfe788,0x00000000ede00000)
  to   space 116736K, 0% used [0x00000000f5300000,0x00000000f5300000,0x00000000fc500000)
 ParOldGen       total 270848K, used 270586K [0x0000000080000000, 0x0000000090880000, 0x00000000d5580000)
  object space 270848K, 99% used [0x0000000080000000,0x000000009083eaf8,0x0000000090880000)
 Metaspace       used 5956K, capacity 6736K, committed 7040K, reserved 1056768K
  class space    used 555K, capacity 584K, committed 640K, reserved 1048576K
}
Event: 19.904 GC heap before
{Heap before GC invocations=13 (full 2):
 PSYoungGen      total 401920K, used 53241K [0x00000000d5580000, 0x00000000fc500000, 0x0000000100000000)
  eden space 348672K, 0% used [0x00000000d5580000,0x00000000d5580000,0x00000000eaa00000)
  from space 53248K, 99% used [0x00000000eaa00000,0x00000000eddfe788,0x00000000ede00000)
  to   space 116736K, 0% used [0x00000000f5300000,0x00000000f5300000,0x00000000fc500000)
 ParOldGen       total 270848K, used 270586K [0x0000000080000000, 0x0000000090880000, 0x00000000d5580000)
  object space 270848K, 99% used [0x0000000080000000,0x000000009083eaf8,0x0000000090880000)
 Metaspace       used 5956K, capacity 6736K, committed 7040K, reserved 1056768K
  class space    used 555K, capacity 584K, committed 640K, reserved 1048576K
Event: 23.573 GC heap after
Heap after GC invocations=13 (full 2):
 PSYoungGen      total 401920K, used 46965K [0x00000000d5580000, 0x00000000fc500000, 0x0000000100000000)
  eden space 348672K, 0% used [0x00000000d5580000,0x00000000d5580000,0x00000000eaa00000)
  from space 53248K, 88% used [0x00000000eaa00000,0x00000000ed7dd5d8,0x00000000ede00000)
  to   space 116736K, 0% used [0x00000000f5300000,0x00000000f5300000,0x00000000fc500000)
 ParOldGen       total 412672K, used 270770K [0x0000000080000000, 0x0000000099300000, 0x00000000d5580000)
  object space 412672K, 65% used [0x0000000080000000,0x000000009086c920,0x0000000099300000)
 Metaspace       used 5956K, capacity 6736K, committed 7040K, reserved 1056768K
  class space    used 555K, capacity 584K, committed 640K, reserved 1048576K
}
Event: 27.752 GC heap before
{Heap before GC invocations=14 (full 2):
 PSYoungGen      total 401920K, used 395637K [0x00000000d5580000, 0x00000000fc500000, 0x0000000100000000)
  eden space 348672K, 100% used [0x00000000d5580000,0x00000000eaa00000,0x00000000eaa00000)
  from space 53248K, 88% used [0x00000000eaa00000,0x00000000ed7dd5d8,0x00000000ede00000)
  to   space 116736K, 0% used [0x00000000f5300000,0x00000000f5300000,0x00000000fc500000)
 ParOldGen       total 412672K, used 270770K [0x0000000080000000, 0x0000000099300000, 0x00000000d5580000)
  object space 412672K, 65% used [0x0000000080000000,0x000000009086c920,0x0000000099300000)
 Metaspace       used 5958K, capacity 6736K, committed 7040K, reserved 1056768K
  class space    used 555K, capacity 584K, committed 640K, reserved 1048576K
Event: 28.989 GC heap after
Heap after GC invocations=14 (full 2):
 PSYoungGen      total 441856K, used 116713K [0x00000000d5580000, 0x0000000100000000, 0x0000000100000000)
  eden space 325120K, 0% used [0x00000000d5580000,0x00000000d5580000,0x00000000e9300000)
  from space 116736K, 99% used [0x00000000f5300000,0x00000000fc4fa4f0,0x00000000fc500000)
  to   space 186880K, 0% used [0x00000000e9300000,0x00000000e9300000,0x00000000f4980000)
 ParOldGen       total 412672K, used 399805K [0x0000000080000000, 0x0000000099300000, 0x00000000d5580000)
  object space 412672K, 96% used [0x0000000080000000,0x000000009866f6e8,0x0000000099300000)
 Metaspace       used 5958K, capacity 6736K, committed 7040K, reserved 1056768K
  class space    used 555K, capacity 584K, committed 640K, reserved 1048576K
}
Event: 28.989 GC heap before
{Heap before GC invocations=15 (full 3):
 PSYoungGen      total 441856K, used 116713K [0x00000000d5580000, 0x0000000100000000, 0x0000000100000000)
  eden space 325120K, 0% used [0x00000000d5580000,0x00000000d5580000,0x00000000e9300000)
  from space 116736K, 99% used [0x00000000f5300000,0x00000000fc4fa4f0,0x00000000fc500000)
  to   space 186880K, 0% used [0x00000000e9300000,0x00000000e9300000,0x00000000f4980000)
 ParOldGen       total 412672K, used 399805K [0x0000000080000000, 0x0000000099300000, 0x00000000d5580000)
  object space 412672K, 96% used [0x0000000080000000,0x000000009866f6e8,0x0000000099300000)
 Metaspace       used 5958K, capacity 6736K, committed 7040K, reserved 1056768K
  class space    used 555K, capacity 584K, committed 640K, reserved 1048576K
Event: 34.379 GC heap after
Heap after GC invocations=15 (full 3):
 PSYoungGen      total 441856K, used 98059K [0x00000000d5580000, 0x0000000100000000, 0x0000000100000000)
  eden space 325120K, 0% used [0x00000000d5580000,0x00000000d5580000,0x00000000e9300000)
  from space 116736K, 84% used [0x00000000f5300000,0x00000000fb2c2f40,0x00000000fc500000)
  to   space 186880K, 0% used [0x00000000e9300000,0x00000000e9300000,0x00000000f4980000)
 ParOldGen       total 609792K, used 412475K [0x0000000080000000, 0x00000000a5380000, 0x00000000d5580000)
  object space 609792K, 67% used [0x0000000080000000,0x00000000992ced78,0x00000000a5380000)
 Metaspace       used 5958K, capacity 6736K, committed 7040K, reserved 1056768K
  class space    used 555K, capacity 584K, committed 640K, reserved 1048576K
}
Event: 37.676 GC heap before
{Heap before GC invocations=16 (full 3):
 PSYoungGen      total 441856K, used 423179K [0x00000000d5580000, 0x0000000100000000, 0x0000000100000000)
  eden space 325120K, 100% used [0x00000000d5580000,0x00000000e9300000,0x00000000e9300000)
  from space 116736K, 84% used [0x00000000f5300000,0x00000000fb2c2f40,0x00000000fc500000)
  to   space 186880K, 0% used [0x00000000e9300000,0x00000000e9300000,0x00000000f4980000)
 ParOldGen       total 609792K, used 412475K [0x0000000080000000, 0x00000000a5380000, 0x00000000d5580000)
  object space 609792K, 67% used [0x0000000080000000,0x00000000992ced78,0x00000000a5380000)
 Metaspace       used 5988K, capacity 6736K, committed 7040K, reserved 1056768K
  class space    used 557K, capacity 584K, committed 640K, reserved 1048576K
Event: 38.763 GC heap after
Heap after GC invocations=16 (full 3):
 PSYoungGen      total 499200K, used 173924K [0x00000000d5580000, 0x0000000100000000, 0x0000000100000000)
  eden space 325120K, 0% used [0x00000000d5580000,0x00000000d5580000,0x00000000e9300000)
  from space 174080K, 99% used [0x00000000e9300000,0x00000000f3cd9270,0x00000000f3d00000)
  to   space 199680K, 0% used [0x00000000f3d00000,0x00000000f3d00000,0x0000000100000000)
 ParOldGen       total 609792K, used 511429K [0x0000000080000000, 0x00000000a5380000, 0x00000000d5580000)
  object space 609792K, 83% used [0x0000000080000000,0x000000009f371750,0x00000000a5380000)
 Metaspace       used 5988K, capacity 6736K, committed 7040K, reserved 1056768K
  class space    used 557K, capacity 584K, committed 640K, reserved 1048576K
}
Event: 38.763 GC heap before
{Heap before GC invocations=17 (full 4):
 PSYoungGen      total 499200K, used 173924K [0x00000000d5580000, 0x0000000100000000, 0x0000000100000000)
  eden space 325120K, 0% used [0x00000000d5580000,0x00000000d5580000,0x00000000e9300000)
  from space 174080K, 99% used [0x00000000e9300000,0x00000000f3cd9270,0x00000000f3d00000)
  to   space 199680K, 0% used [0x00000000f3d00000,0x00000000f3d00000,0x0000000100000000)
 ParOldGen       total 609792K, used 511429K [0x0000000080000000, 0x00000000a5380000, 0x00000000d5580000)
  object space 609792K, 83% used [0x0000000080000000,0x000000009f371750,0x00000000a5380000)
 Metaspace       used 5988K, capacity 6736K, committed 7040K, reserved 1056768K
  class space    used 557K, capacity 584K, committed 640K, reserved 1048576K

Deoptimization events (10 events):
Event: 12.053 Thread 0x00007ffb2400a800 Uncommon trap: reason=bimorphic action=maybe_recompile pc=0x00007ffb15624a2c method=com.android.dx.cf.code.BytecodeArray.parseInstruction(ILcom/android/dx/cf/code/BytecodeArray$Visitor;)I @ 1099
Event: 12.053 Thread 0x00007ffb2400a800 Uncommon trap: reason=bimorphic action=maybe_recompile pc=0x00007ffb15625d70 method=com.android.dx.cf.code.BytecodeArray.parseInstruction(ILcom/android/dx/cf/code/BytecodeArray$Visitor;)I @ 1327
Event: 12.053 Thread 0x00007ffb2400a800 Uncommon trap: reason=bimorphic action=maybe_recompile pc=0x00007ffb15625d70 method=com.android.dx.cf.code.BytecodeArray.parseInstruction(ILcom/android/dx/cf/code/BytecodeArray$Visitor;)I @ 1327
Event: 14.420 Thread 0x00007ffb241e7800 Uncommon trap: reason=bimorphic action=maybe_recompile pc=0x00007ffb1567a3b4 method=com.android.dx.cf.code.BytecodeArray.parseInstruction(ILcom/android/dx/cf/code/BytecodeArray$Visitor;)I @ 2554
Event: 14.422 Thread 0x00007ffb241e7800 Uncommon trap: reason=bimorphic action=maybe_recompile pc=0x00007ffb1567a3b4 method=com.android.dx.cf.code.BytecodeArray.parseInstruction(ILcom/android/dx/cf/code/BytecodeArray$Visitor;)I @ 2554
Event: 35.853 Thread 0x00007ffb241e7800 Uncommon trap: reason=unstable_if action=reinterpret pc=0x00007ffb15741434 method=java.util.concurrent.ConcurrentHashMap.addCount(JI)V @ 34
Event: 37.325 Thread 0x00007ffb2400a800 Uncommon trap: reason=bimorphic action=maybe_recompile pc=0x00007ffb1569ab88 method=com.android.dx.cf.code.BytecodeArray.parseInstruction(ILcom/android/dx/cf/code/BytecodeArray$Visitor;)I @ 1083
Event: 37.325 Thread 0x00007ffb2400a800 Uncommon trap: reason=bimorphic action=maybe_recompile pc=0x00007ffb1569ab88 method=com.android.dx.cf.code.BytecodeArray.parseInstruction(ILcom/android/dx/cf/code/BytecodeArray$Visitor;)I @ 1083
Event: 37.544 Thread 0x00007ffb241e7800 Uncommon trap: reason=class_check action=maybe_recompile pc=0x00007ffb156d5f24 method=com.android.dx.cf.code.Ropper.processBlock(Lcom/android/dx/cf/code/ByteBlock;Lcom/android/dx/cf/code/Frame;[I)V @ 711
Event: 37.544 Thread 0x00007ffb241e7800 Uncommon trap: reason=class_check action=maybe_recompile pc=0x00007ffb156d5f24 method=com.android.dx.cf.code.Ropper.processBlock(Lcom/android/dx/cf/code/ByteBlock;Lcom/android/dx/cf/code/Frame;[I)V @ 711

Classes redefined (0 events):
No events

Internal exceptions (9 events):
Event: 0.053 Thread 0x00007ffb2400a800 Exception <a 'java/lang/NoSuchMethodError': Method sun.misc.Unsafe.defineClass(Ljava/lang/String;[BII)Ljava/lang/Class; name or signature does not match> (0x00000000d5587cb8) thrown at [/build/openjdk-8-mHow25/openjdk-8-8u222-b10/src/hotspot/src/share/vm/
Event: 0.053 Thread 0x00007ffb2400a800 Exception <a 'java/lang/NoSuchMethodError': Method sun.misc.Unsafe.prefetchRead(Ljava/lang/Object;J)V name or signature does not match> (0x00000000d5587fa0) thrown at [/build/openjdk-8-mHow25/openjdk-8-8u222-b10/src/hotspot/src/share/vm/prims/jni.cpp, lin
Event: 0.162 Thread 0x00007ffb2400a800 Exception <a 'java/util/zip/ZipException'> (0x00000000d55d1428) thrown at [/build/openjdk-8-mHow25/openjdk-8-8u222-b10/src/hotspot/src/share/vm/prims/jni.cpp, line 710]
Event: 0.162 Thread 0x00007ffb2400a800 Exception <a 'java/security/PrivilegedActionException'> (0x00000000d55d16c8) thrown at [/build/openjdk-8-mHow25/openjdk-8-8u222-b10/src/hotspot/src/share/vm/prims/jvm.cpp, line 1502]
Event: 0.162 Thread 0x00007ffb2400a800 Exception <a 'java/security/PrivilegedActionException'> (0x00000000d55d18d8) thrown at [/build/openjdk-8-mHow25/openjdk-8-8u222-b10/src/hotspot/src/share/vm/prims/jvm.cpp, line 1502]
Event: 6.238 Thread 0x00007ffb241e7800 Exception <a 'java/lang/ArrayIndexOutOfBoundsException': 18> (0x00000000daec3f28) thrown at [/build/openjdk-8-mHow25/openjdk-8-8u222-b10/src/hotspot/src/share/vm/interpreter/interpreterRuntime.cpp, line 368]
Event: 6.239 Thread 0x00007ffb241e7800 Exception <a 'java/lang/ArrayIndexOutOfBoundsException': 145> (0x00000000daec5aa8) thrown at [/build/openjdk-8-mHow25/openjdk-8-8u222-b10/src/hotspot/src/share/vm/interpreter/interpreterRuntime.cpp, line 368]
Event: 6.240 Thread 0x00007ffb241e7800 Exception <a 'java/lang/ArrayIndexOutOfBoundsException'> (0x00000000daec6d90) thrown at [/build/openjdk-8-mHow25/openjdk-8-8u222-b10/src/hotspot/src/share/vm/runtime/sharedRuntime.cpp, line 605]
Event: 9.324 Thread 0x00007ffb2400a800 Implicit null exception at 0x00007ffb155ad9a6 to 0x00007ffb155b08f9

Events (10 events):
Event: 37.478 Thread 0x00007ffb240b7800 flushing nmethod 0x00007ffb1517c210
Event: 37.478 Thread 0x00007ffb240b7800 flushing nmethod 0x00007ffb1517d290
Event: 37.478 Thread 0x00007ffb240b7800 flushing nmethod 0x00007ffb1517fbd0
Event: 37.544 Thread 0x00007ffb241e7800 Uncommon trap: trap_request=0xffffffde fr.pc=0x00007ffb156d5f24
Event: 37.544 Thread 0x00007ffb241e7800 DEOPT PACKING pc=0x00007ffb156d5f24 sp=0x00007ffb09b05010
Event: 37.544 Thread 0x00007ffb241e7800 DEOPT UNPACKING pc=0x00007ffb1504547a sp=0x00007ffb09b05000 mode 2
Event: 37.544 Thread 0x00007ffb241e7800 Uncommon trap: trap_request=0xffffffde fr.pc=0x00007ffb156d5f24
Event: 37.544 Thread 0x00007ffb241e7800 DEOPT PACKING pc=0x00007ffb156d5f24 sp=0x00007ffb09b05010
Event: 37.544 Thread 0x00007ffb241e7800 DEOPT UNPACKING pc=0x00007ffb1504547a sp=0x00007ffb09b05000 mode 2
Event: 37.672 Executing VM operation: ParallelGCFailedAllocation


Dynamic libraries:
80000000-a5380000 rw-p 00000000 00:00 0 
b4580000-d5580000 ---p 00000000 00:00 0 
d5580000-100000000 rw-p 00000000 00:00 0 
100000000-1000a0000 rw-p 00000000 00:00 0 
1000a0000-140000000 ---p 00000000 00:00 0 
559714de9000-559714dea000 r--p 00000000 08:01 4325400                    /usr/lib/jvm/java-8-openjdk-amd64/jre/bin/java
559714dea000-559714deb000 r-xp 00001000 08:01 4325400                    /usr/lib/jvm/java-8-openjdk-amd64/jre/bin/java
559714deb000-559714dec000 r--p 00002000 08:01 4325400                    /usr/lib/jvm/java-8-openjdk-amd64/jre/bin/java
559714dec000-559714ded000 r--p 00002000 08:01 4325400                    /usr/lib/jvm/java-8-openjdk-amd64/jre/bin/java
559714ded000-559714dee000 rw-p 00003000 08:01 4325400                    /usr/lib/jvm/java-8-openjdk-amd64/jre/bin/java
559715f4e000-559715f6f000 rw-p 00000000 00:00 0                          [heap]
7ffad8000000-7ffad8021000 rw-p 00000000 00:00 0 
7ffad8021000-7ffadc000000 ---p 00000000 00:00 0 
7ffae0000000-7ffae0021000 rw-p 00000000 00:00 0 
7ffae0021000-7ffae4000000 ---p 00000000 00:00 0 
7ffae4000000-7ffae407b000 rw-p 00000000 00:00 0 
7ffae407b000-7ffae8000000 ---p 00000000 00:00 0 
7ffae8000000-7ffae8972000 rw-p 00000000 00:00 0 
7ffae8972000-7ffaec000000 ---p 00000000 00:00 0 
7ffaec000000-7ffaec021000 rw-p 00000000 00:00 0 
7ffaec021000-7ffaf0000000 ---p 00000000 00:00 0 
7ffaf0000000-7ffaf0021000 rw-p 00000000 00:00 0 
7ffaf0021000-7ffaf4000000 ---p 00000000 00:00 0 
7ffaf4000000-7ffaf5a2a000 rw-p 00000000 00:00 0 
7ffaf5a2a000-7ffaf8000000 ---p 00000000 00:00 0 
7ffaf8000000-7ffaf8021000 rw-p 00000000 00:00 0 
7ffaf8021000-7ffafc000000 ---p 00000000 00:00 0 
7ffafc000000-7ffafc021000 rw-p 00000000 00:00 0 
7ffafc021000-7ffb00000000 ---p 00000000 00:00 0 
7ffb00000000-7ffb0004b000 rw-p 00000000 00:00 0 
7ffb0004b000-7ffb04000000 ---p 00000000 00:00 0 
7ffb04000000-7ffb04021000 rw-p 00000000 00:00 0 
7ffb04021000-7ffb08000000 ---p 00000000 00:00 0 
7ffb09905000-7ffb09908000 ---p 00000000 00:00 0 
7ffb09908000-7ffb09a06000 rw-p 00000000 00:00 0 
7ffb09a06000-7ffb09a09000 ---p 00000000 00:00 0 
7ffb09a09000-7ffb09b9f000 rw-p 00000000 00:00 0 
7ffb09b9f000-7ffb09f70000 r--s 0341a000 08:01 2885184                    /home/asus/Dokument/Eclipse-Workspace/Deeplearning2C/Deeplearning2CApp/build/javafxports/tmp/android/multi-dex/allclasses.jar
7ffb09f70000-7ffb09f7f000 r--s 000ed000 08:01 23986786                   /home/asus/program/Android SDK/build-tools/27.0.3/lib/dx.jar
7ffb09f7f000-7ffb09f9a000 r--s 00394000 08:01 4325548                    /usr/lib/jvm/java-8-openjdk-amd64/jre/lib/ext/cldrdata.jar
7ffb09f9a000-7ffb0a031000 r--s 007cb000 08:01 4458624                    /usr/share/java/openjfx/jre/lib/ext/jfxrt.jar
7ffb0a031000-7ffb0a04c000 r--s 001d6000 08:01 4325555                    /usr/lib/jvm/java-8-openjdk-amd64/jre/lib/ext/nashorn.jar
7ffb0a04c000-7ffb0a04d000 ---p 00000000 00:00 0 
7ffb0a04d000-7ffb0a14d000 rw-p 00000000 00:00 0 
7ffb0a14d000-7ffb0a150000 ---p 00000000 00:00 0 
7ffb0a150000-7ffb0a24e000 rw-p 00000000 00:00 0 
7ffb0a24e000-7ffb0a24f000 ---p 00000000 00:00 0 
7ffb0a24f000-7ffb0a252000 ---p 00000000 00:00 0 
7ffb0a252000-7ffb0a34f000 rw-p 00000000 00:00 0 
7ffb0a34f000-7ffb0a350000 ---p 00000000 00:00 0 
7ffb0a350000-7ffb0a353000 ---p 00000000 00:00 0 
7ffb0a353000-7ffb0a450000 rw-p 00000000 00:00 0 
7ffb0a450000-7ffb0a453000 ---p 00000000 00:00 0 
7ffb0a453000-7ffb0a551000 rw-p 00000000 00:00 0 
7ffb0a551000-7ffb0b5f6000 r--p 00000000 08:01 4063745                    /usr/lib/locale/locale-archive
7ffb0b5f6000-7ffb0b5f9000 ---p 00000000 00:00 0 
7ffb0b5f9000-7ffb0b6f7000 rw-p 00000000 00:00 0 
7ffb0b6f7000-7ffb0b6fa000 ---p 00000000 00:00 0 
7ffb0b6fa000-7ffb0b7f8000 rw-p 00000000 00:00 0 
7ffb0b7f8000-7ffb0b7f9000 ---p 00000000 00:00 0 
7ffb0b7f9000-7ffb0c000000 rw-p 00000000 00:00 0 
7ffb0c000000-7ffb0c021000 rw-p 00000000 00:00 0 
7ffb0c021000-7ffb10000000 ---p 00000000 00:00 0 
7ffb1000d000-7ffb10230000 rw-p 00000000 00:00 0 
7ffb10230000-7ffb10400000 r--s 03c5c000 08:01 4325583                    /usr/lib/jvm/java-8-openjdk-amd64/jre/lib/rt.jar
7ffb10400000-7ffb10a40000 rw-p 00000000 00:00 0 
7ffb10a40000-7ffb10c00000 ---p 00000000 00:00 0 
7ffb10c00000-7ffb15000000 rw-p 00000000 00:00 0 
7ffb15000000-7ffb157e0000 rwxp 00000000 00:00 0 
7ffb157e0000-7ffb24000000 ---p 00000000 00:00 0 
7ffb24000000-7ffb2431a000 rw-p 00000000 00:00 0 
7ffb2431a000-7ffb28000000 ---p 00000000 00:00 0 
7ffb28000000-7ffb2800a000 r--s 00116000 08:01 4325554                    /usr/lib/jvm/java-8-openjdk-amd64/jre/lib/ext/localedata.jar
7ffb2800a000-7ffb281bb000 rw-p 00000000 00:00 0 
7ffb281bb000-7ffb281bc000 ---p 00000000 00:00 0 
7ffb281bc000-7ffb282bc000 rw-p 00000000 00:00 0 
7ffb282bc000-7ffb282bd000 ---p 00000000 00:00 0 
7ffb282bd000-7ffb284e7000 rw-p 00000000 00:00 0 
7ffb284e7000-7ffb28668000 ---p 00000000 00:00 0 
7ffb28668000-7ffb28792000 rw-p 00000000 00:00 0 
7ffb28792000-7ffb28912000 ---p 00000000 00:00 0 
7ffb28912000-7ffb28a68000 rw-p 00000000 00:00 0 
7ffb28a68000-7ffb28a89000 rw-p 00000000 00:00 0 
7ffb28a89000-7ffb28e29000 ---p 00000000 00:00 0 
7ffb28e29000-7ffb28e2c000 r--p 00000000 08:01 12322420                   /lib/x86_64-linux-gnu/libnss_files-2.29.so
7ffb28e2c000-7ffb28e33000 r-xp 00003000 08:01 12322420                   /lib/x86_64-linux-gnu/libnss_files-2.29.so
7ffb28e33000-7ffb28e35000 r--p 0000a000 08:01 12322420                   /lib/x86_64-linux-gnu/libnss_files-2.29.so
7ffb28e35000-7ffb28e36000 r--p 0000b000 08:01 12322420                   /lib/x86_64-linux-gnu/libnss_files-2.29.so
7ffb28e36000-7ffb28e37000 rw-p 0000c000 08:01 12322420                   /lib/x86_64-linux-gnu/libnss_files-2.29.so
7ffb28e37000-7ffb28e3d000 rw-p 00000000 00:00 0 
7ffb28e3d000-7ffb28e40000 r--s 00039000 08:01 4325560                    /usr/lib/jvm/java-8-openjdk-amd64/jre/lib/ext/sunpkcs11.jar
7ffb28e40000-7ffb28e42000 r--s 00001000 08:01 4325550                    /usr/lib/jvm/java-8-openjdk-amd64/jre/lib/ext/dnsns.jar
7ffb28e42000-7ffb28e43000 r--s 0000d000 08:01 4325558                    /usr/lib/jvm/java-8-openjdk-amd64/jre/lib/ext/sunec.jar
7ffb28e43000-7ffb28e44000 r--s 00010000 08:01 4325561                    /usr/lib/jvm/java-8-openjdk-amd64/jre/lib/ext/zipfs.jar
7ffb28e44000-7ffb28e45000 r--s 0000a000 08:01 4325553                    /usr/lib/jvm/java-8-openjdk-amd64/jre/lib/ext/jaccess.jar
7ffb28e45000-7ffb28e47000 r--s 00007000 08:01 4460512                    /usr/share/java/java-atk-wrapper.jar
7ffb28e47000-7ffb28e4a000 r--s 0000f000 08:01 4325552                    /usr/lib/jvm/java-8-openjdk-amd64/jre/lib/ext/icedtea-sound.jar
7ffb28e4a000-7ffb28e4f000 r--s 0003c000 08:01 4325559                    /usr/lib/jvm/java-8-openjdk-amd64/jre/lib/ext/sunjce_provider.jar
7ffb28e4f000-7ffb28e52000 r--p 00000000 08:01 4325521                    /usr/lib/jvm/java-8-openjdk-amd64/jre/lib/amd64/libzip.so
7ffb28e52000-7ffb28e56000 r-xp 00003000 08:01 4325521                    /usr/lib/jvm/java-8-openjdk-amd64/jre/lib/amd64/libzip.so
7ffb28e56000-7ffb28e58000 r--p 00007000 08:01 4325521                    /usr/lib/jvm/java-8-openjdk-amd64/jre/lib/amd64/libzip.so
7ffb28e58000-7ffb28e59000 r--p 00008000 08:01 4325521                    /usr/lib/jvm/java-8-openjdk-amd64/jre/lib/amd64/libzip.so
7ffb28e59000-7ffb28e5a000 rw-p 00009000 08:01 4325521                    /usr/lib/jvm/java-8-openjdk-amd64/jre/lib/amd64/libzip.so
7ffb28e5a000-7ffb28e67000 r--p 00000000 08:01 4325432                    /usr/lib/jvm/java-8-openjdk-amd64/jre/lib/amd64/libjava.so
7ffb28e67000-7ffb28e7e000 r-xp 0000d000 08:01 4325432                    /usr/lib/jvm/java-8-openjdk-amd64/jre/lib/amd64/libjava.so
7ffb28e7e000-7ffb28e85000 r--p 00024000 08:01 4325432                    /usr/lib/jvm/java-8-openjdk-amd64/jre/lib/amd64/libjava.so
7ffb28e85000-7ffb28e86000 r--p 0002a000 08:01 4325432                    /usr/lib/jvm/java-8-openjdk-amd64/jre/lib/amd64/libjava.so
7ffb28e86000-7ffb28e88000 rw-p 0002b000 08:01 4325432                    /usr/lib/jvm/java-8-openjdk-amd64/jre/lib/amd64/libjava.so
7ffb28e88000-7ffb28e8b000 r--p 00000000 08:01 12322427                   /lib/x86_64-linux-gnu/librt-2.29.so
7ffb28e8b000-7ffb28e8f000 r-xp 00003000 08:01 12322427                   /lib/x86_64-linux-gnu/librt-2.29.so
7ffb28e8f000-7ffb28e91000 r--p 00007000 08:01 12322427                   /lib/x86_64-linux-gnu/librt-2.29.so
7ffb28e91000-7ffb28e92000 r--p 00008000 08:01 12322427                   /lib/x86_64-linux-gnu/librt-2.29.so
7ffb28e92000-7ffb28e93000 rw-p 00009000 08:01 12322427                   /lib/x86_64-linux-gnu/librt-2.29.so
7ffb28e93000-7ffb28e94000 ---p 00000000 00:00 0 
7ffb28e94000-7ffb28e97000 ---p 00000000 00:00 0 
7ffb28e97000-7ffb28f94000 rw-p 00000000 00:00 0 
7ffb28f94000-7ffb28f97000 r--p 00000000 08:01 12325759                   /lib/x86_64-linux-gnu/libgcc_s.so.1
7ffb28f97000-7ffb28fa8000 r-xp 00003000 08:01 12325759                   /lib/x86_64-linux-gnu/libgcc_s.so.1
7ffb28fa8000-7ffb28fac000 r--p 00014000 08:01 12325759                   /lib/x86_64-linux-gnu/libgcc_s.so.1
7ffb28fac000-7ffb28fad000 r--p 00017000 08:01 12325759                   /lib/x86_64-linux-gnu/libgcc_s.so.1
7ffb28fad000-7ffb28fae000 rw-p 00018000 08:01 12325759                   /lib/x86_64-linux-gnu/libgcc_s.so.1
7ffb28fae000-7ffb28fbd000 r--p 00000000 08:01 12322414                   /lib/x86_64-linux-gnu/libm-2.29.so
7ffb28fbd000-7ffb29063000 r-xp 0000f000 08:01 12322414                   /lib/x86_64-linux-gnu/libm-2.29.so
7ffb29063000-7ffb290fa000 r--p 000b5000 08:01 12322414                   /lib/x86_64-linux-gnu/libm-2.29.so
7ffb290fa000-7ffb290fb000 r--p 0014b000 08:01 12322414                   /lib/x86_64-linux-gnu/libm-2.29.so
7ffb290fb000-7ffb290fc000 rw-p 0014c000 08:01 12322414                   /lib/x86_64-linux-gnu/libm-2.29.so
7ffb290fc000-7ffb29191000 r--p 00000000 08:01 4069713                    /usr/lib/x86_64-linux-gnu/libstdc++.so.6.0.26
7ffb29191000-7ffb29283000 r-xp 00095000 08:01 4069713                    /usr/lib/x86_64-linux-gnu/libstdc++.so.6.0.26
7ffb29283000-7ffb292cc000 r--p 00187000 08:01 4069713                    /usr/lib/x86_64-linux-gnu/libstdc++.so.6.0.26
7ffb292cc000-7ffb292cd000 ---p 001d0000 08:01 4069713                    /usr/lib/x86_64-linux-gnu/libstdc++.so.6.0.26
7ffb292cd000-7ffb292d8000 r--p 001d0000 08:01 4069713                    /usr/lib/x86_64-linux-gnu/libstdc++.so.6.0.26
7ffb292d8000-7ffb292db000 rw-p 001db000 08:01 4069713                    /usr/lib/x86_64-linux-gnu/libstdc++.so.6.0.26
7ffb292db000-7ffb292de000 rw-p 00000000 00:00 0 
7ffb292de000-7ffb294cd000 r--p 00000000 08:01 4325526                    /usr/lib/jvm/java-8-openjdk-amd64/jre/lib/amd64/server/libjvm.so
7ffb294cd000-7ffb29d20000 r-xp 001ef000 08:01 4325526                    /usr/lib/jvm/java-8-openjdk-amd64/jre/lib/amd64/server/libjvm.so
7ffb29d20000-7ffb29ebd000 r--p 00a42000 08:01 4325526                    /usr/lib/jvm/java-8-openjdk-amd64/jre/lib/amd64/server/libjvm.so
7ffb29ebd000-7ffb29f51000 r--p 00bde000 08:01 4325526                    /usr/lib/jvm/java-8-openjdk-amd64/jre/lib/amd64/server/libjvm.so
7ffb29f51000-7ffb29f7a000 rw-p 00c72000 08:01 4325526                    /usr/lib/jvm/java-8-openjdk-amd64/jre/lib/amd64/server/libjvm.so
7ffb29f7a000-7ffb29fac000 rw-p 00000000 00:00 0 
7ffb29fac000-7ffb29fb3000 r--p 00000000 08:01 12322425                   /lib/x86_64-linux-gnu/libpthread-2.29.so
7ffb29fb3000-7ffb29fc2000 r-xp 00007000 08:01 12322425                   /lib/x86_64-linux-gnu/libpthread-2.29.so
7ffb29fc2000-7ffb29fc7000 r--p 00016000 08:01 12322425                   /lib/x86_64-linux-gnu/libpthread-2.29.so
7ffb29fc7000-7ffb29fc8000 r--p 0001a000 08:01 12322425                   /lib/x86_64-linux-gnu/libpthread-2.29.so
7ffb29fc8000-7ffb29fc9000 rw-p 0001b000 08:01 12322425                   /lib/x86_64-linux-gnu/libpthread-2.29.so
7ffb29fc9000-7ffb29fcd000 rw-p 00000000 00:00 0 
7ffb29fcd000-7ffb29fce000 r--p 00000000 08:01 12322413                   /lib/x86_64-linux-gnu/libdl-2.29.so
7ffb29fce000-7ffb29fd0000 r-xp 00001000 08:01 12322413                   /lib/x86_64-linux-gnu/libdl-2.29.so
7ffb29fd0000-7ffb29fd1000 r--p 00003000 08:01 12322413                   /lib/x86_64-linux-gnu/libdl-2.29.so
7ffb29fd1000-7ffb29fd2000 r--p 00003000 08:01 12322413                   /lib/x86_64-linux-gnu/libdl-2.29.so
7ffb29fd2000-7ffb29fd3000 rw-p 00004000 08:01 12322413                   /lib/x86_64-linux-gnu/libdl-2.29.so
7ffb29fd3000-7ffb29fd5000 r--p 00000000 08:01 12322431                   /lib/x86_64-linux-gnu/libz.so.1.2.11
7ffb29fd5000-7ffb29fe6000 r-xp 00002000 08:01 12322431                   /lib/x86_64-linux-gnu/libz.so.1.2.11
7ffb29fe6000-7ffb29fec000 r--p 00013000 08:01 12322431                   /lib/x86_64-linux-gnu/libz.so.1.2.11
7ffb29fec000-7ffb29fed000 ---p 00019000 08:01 12322431                   /lib/x86_64-linux-gnu/libz.so.1.2.11
7ffb29fed000-7ffb29fee000 r--p 00019000 08:01 12322431                   /lib/x86_64-linux-gnu/libz.so.1.2.11
7ffb29fee000-7ffb29fef000 rw-p 0001a000 08:01 12322431                   /lib/x86_64-linux-gnu/libz.so.1.2.11
7ffb29fef000-7ffb2a014000 r--p 00000000 08:01 12322411                   /lib/x86_64-linux-gnu/libc-2.29.so
7ffb2a014000-7ffb2a187000 r-xp 00025000 08:01 12322411                   /lib/x86_64-linux-gnu/libc-2.29.so
7ffb2a187000-7ffb2a1d0000 r--p 00198000 08:01 12322411                   /lib/x86_64-linux-gnu/libc-2.29.so
7ffb2a1d0000-7ffb2a1d3000 r--p 001e0000 08:01 12322411                   /lib/x86_64-linux-gnu/libc-2.29.so
7ffb2a1d3000-7ffb2a1d6000 rw-p 001e3000 08:01 12322411                   /lib/x86_64-linux-gnu/libc-2.29.so
7ffb2a1d6000-7ffb2a1da000 rw-p 00000000 00:00 0 
7ffb2a1da000-7ffb2a1e2000 rw-s 00000000 08:01 23995493                   /tmp/hsperfdata_asus/30022
7ffb2a1e2000-7ffb2a1e3000 rw-p 00000000 00:00 0 
7ffb2a1e3000-7ffb2a1e4000 ---p 00000000 00:00 0 
7ffb2a1e4000-7ffb2a1e9000 r--p 00000000 08:01 4325519                    /usr/lib/jvm/java-8-openjdk-amd64/jre/lib/amd64/libverify.so
7ffb2a1e9000-7ffb2a1f2000 r-xp 00005000 08:01 4325519                    /usr/lib/jvm/java-8-openjdk-amd64/jre/lib/amd64/libverify.so
7ffb2a1f2000-7ffb2a1f4000 r--p 0000e000 08:01 4325519                    /usr/lib/jvm/java-8-openjdk-amd64/jre/lib/amd64/libverify.so
7ffb2a1f4000-7ffb2a1f6000 r--p 0000f000 08:01 4325519                    /usr/lib/jvm/java-8-openjdk-amd64/jre/lib/amd64/libverify.so
7ffb2a1f6000-7ffb2a1f7000 rw-p 00011000 08:01 4325519                    /usr/lib/jvm/java-8-openjdk-amd64/jre/lib/amd64/libverify.so
7ffb2a1f7000-7ffb2a1f9000 r--p 00000000 08:01 4325413                    /usr/lib/jvm/java-8-openjdk-amd64/jre/lib/amd64/jli/libjli.so
7ffb2a1f9000-7ffb2a202000 r-xp 00002000 08:01 4325413                    /usr/lib/jvm/java-8-openjdk-amd64/jre/lib/amd64/jli/libjli.so
7ffb2a202000-7ffb2a205000 r--p 0000b000 08:01 4325413                    /usr/lib/jvm/java-8-openjdk-amd64/jre/lib/amd64/jli/libjli.so
7ffb2a205000-7ffb2a206000 r--p 0000d000 08:01 4325413                    /usr/lib/jvm/java-8-openjdk-amd64/jre/lib/amd64/jli/libjli.so
7ffb2a206000-7ffb2a207000 rw-p 0000e000 08:01 4325413                    /usr/lib/jvm/java-8-openjdk-amd64/jre/lib/amd64/jli/libjli.so
7ffb2a207000-7ffb2a209000 rw-p 00000000 00:00 0 
7ffb2a209000-7ffb2a20a000 r--p 00000000 08:01 12321096                   /lib/x86_64-linux-gnu/ld-2.29.so
7ffb2a20a000-7ffb2a22b000 r-xp 00001000 08:01 12321096                   /lib/x86_64-linux-gnu/ld-2.29.so
7ffb2a22b000-7ffb2a233000 r--p 00022000 08:01 12321096                   /lib/x86_64-linux-gnu/ld-2.29.so
7ffb2a233000-7ffb2a234000 r--p 00029000 08:01 12321096                   /lib/x86_64-linux-gnu/ld-2.29.so
7ffb2a234000-7ffb2a235000 rw-p 0002a000 08:01 12321096                   /lib/x86_64-linux-gnu/ld-2.29.so
7ffb2a235000-7ffb2a236000 rw-p 00000000 00:00 0 
7ffe07371000-7ffe07393000 rw-p 00000000 00:00 0                          [stack]
7ffe07394000-7ffe07397000 r--p 00000000 00:00 0                          [vvar]
7ffe07397000-7ffe07398000 r-xp 00000000 00:00 0                          [vdso]
ffffffffff600000-ffffffffff601000 r-xp 00000000 00:00 0                  [vsyscall]

VM Arguments:
jvm_args: -Xmx2g 
java_command: com.android.dx.command.Main --dex --verbose --no-optimize --multi-dex --main-dex-list=/home/asus/Dokument/Eclipse-Workspace/Deeplearning2C/Deeplearning2CApp/build/javafxports/tmp/android/multi-dex/maindexlist.txt --core-library --output=/home/asus/Dokument/Eclipse-Workspace/Deeplearning2C/Deeplearning2CApp/build/javafxports/tmp/android/dex --input-list=/home/asus/Dokument/Eclipse-Workspace/Deeplearning2C/Deeplearning2CApp/build/javafxports/tmp/android/dex/inputList.txt
java_class_path (initial): /home/asus/program/Android SDK/build-tools/27.0.3/lib/dx.jar
Launcher Type: SUN_STANDARD

Environment Variables:
PATH=/usr/local/sbin:/usr/local/bin:/usr/sbin:/usr/bin:/sbin:/bin:/usr/games:/usr/local/games:/snap/bin:/home/asus/program/Android SDK/tools/:/home/asus/program/Android SDK/tools/:/home/asus/program/Android SDK/tools/:/home/asus/program/Android SDK/tools/:/home/asus/program/Android SDK/tools/:/home/asus/program/Android SDK/tools/
SHELL=/bin/bash
DISPLAY=:0

Signal Handlers:
SIGSEGV: [libjvm.so+0xa21be0], sa_mask[0]=11111111011111111101111111111110, sa_flags=SA_RESTART|SA_SIGINFO
SIGBUS: [libjvm.so+0xa21be0], sa_mask[0]=11111111011111111101111111111110, sa_flags=SA_RESTART|SA_SIGINFO
SIGFPE: [libjvm.so+0x8829a0], sa_mask[0]=11111111011111111101111111111110, sa_flags=SA_RESTART|SA_SIGINFO
SIGPIPE: [libjvm.so+0x8829a0], sa_mask[0]=11111111011111111101111111111110, sa_flags=SA_RESTART|SA_SIGINFO
SIGXFSZ: [libjvm.so+0x8829a0], sa_mask[0]=11111111011111111101111111111110, sa_flags=SA_RESTART|SA_SIGINFO
SIGILL: [libjvm.so+0x8829a0], sa_mask[0]=11111111011111111101111111111110, sa_flags=SA_RESTART|SA_SIGINFO
SIGUSR1: SIG_DFL, sa_mask[0]=00000000000000000000000000000000, sa_flags=none
SIGUSR2: [libjvm.so+0x882840], sa_mask[0]=00100000000000000000000000000000, sa_flags=SA_RESTART|SA_SIGINFO
SIGHUP: [libjvm.so+0x882c20], sa_mask[0]=11111111011111111101111111111110, sa_flags=SA_RESTART|SA_SIGINFO
SIGINT: [libjvm.so+0x882c20], sa_mask[0]=11111111011111111101111111111110, sa_flags=SA_RESTART|SA_SIGINFO
SIGTERM: [libjvm.so+0x882c20], sa_mask[0]=11111111011111111101111111111110, sa_flags=SA_RESTART|SA_SIGINFO
SIGQUIT: [libjvm.so+0x882c20], sa_mask[0]=11111111011111111101111111111110, sa_flags=SA_RESTART|SA_SIGINFO


---------------  S Y S T E M  ---------------

OS:DISTRIB_ID=Ubuntu
DISTRIB_RELEASE=19.04
DISTRIB_CODENAME=disco
DISTRIB_DESCRIPTION="Ubuntu 19.04"

uname:Linux 5.0.0-25-generic #26-Ubuntu SMP Thu Aug 1 12:04:58 UTC 2019 x86_64
libc:glibc 2.29 NPTL 2.29 
rlimit: STACK 8192k, CORE 0k, NPROC 15031, NOFILE 1048576, AS infinity
load average:2.29 1.71 1.31

/proc/meminfo:
MemTotal:        3921556 kB
MemFree:          111104 kB
MemAvailable:      73664 kB
Buffers:            5704 kB
Cached:           198528 kB
SwapCached:            0 kB
Active:          3482580 kB
Inactive:         109844 kB
Active(anon):    3421996 kB
Inactive(anon):    58504 kB
Active(file):      60584 kB
Inactive(file):    51340 kB
Unevictable:       32920 kB
Mlocked:               0 kB
SwapTotal:             0 kB
SwapFree:              0 kB
Dirty:               160 kB
Writeback:             0 kB
AnonPages:       3421132 kB
Mapped:           147072 kB
Shmem:             92288 kB
KReclaimable:      53248 kB
Slab:             110916 kB
SReclaimable:      53248 kB
SUnreclaim:        57668 kB
KernelStack:        7232 kB
PageTables:        18604 kB
NFS_Unstable:          0 kB
Bounce:                0 kB
WritebackTmp:          0 kB
CommitLimit:     1960776 kB
Committed_AS:    5369136 kB
VmallocTotal:   34359738367 kB
VmallocUsed:           0 kB
VmallocChunk:          0 kB
Percpu:              944 kB
HardwareCorrupted:     0 kB
AnonHugePages:         0 kB
ShmemHugePages:        0 kB
ShmemPmdMapped:        0 kB
CmaTotal:              0 kB
CmaFree:               0 kB
HugePages_Total:       0
HugePages_Free:        0
HugePages_Rsvd:        0
HugePages_Surp:        0
Hugepagesize:       2048 kB
Hugetlb:               0 kB
DirectMap4k:      183372 kB
DirectMap2M:     3895296 kB

container (cgroup) information:
container_type: cgroupv1
cpu_cpuset_cpus: 0-1
cpu_memory_nodes: 0
active_processor_count: 2
cpu_quota: -1
cpu_period: 100000
cpu_shares: -1
memory_limit_in_bytes: -1
memory_and_swap_limit_in_bytes: -2
memory_soft_limit_in_bytes: -1
memory_usage_in_bytes: 3601481728
memory_max_usage_in_bytes: 3608915968


CPU:total 2 (initial active 2) (2 cores per cpu, 1 threads per core) family 6 model 55 stepping 8, cmov, cx8, fxsr, mmx, sse, sse2, sse3, ssse3, sse4.1, sse4.2, popcnt, clmul, erms, 3dnowpref, tsc, tscinvbit

/proc/cpuinfo:
processor	: 0
vendor_id	: GenuineIntel
cpu family	: 6
model		: 55
model name	: Intel(R) Celeron(R) CPU  N2830  @ 2.16GHz
stepping	: 8
microcode	: 0x838
cpu MHz		: 703.281
cache size	: 1024 KB
physical id	: 0
siblings	: 2
core id		: 0
cpu cores	: 2
apicid		: 0
initial apicid	: 0
fpu		: yes
fpu_exception	: yes
cpuid level	: 11
wp		: yes
flags		: fpu vme de pse tsc msr pae mce cx8 apic sep mtrr pge mca cmov pat pse36 clflush dts acpi mmx fxsr sse sse2 ss ht tm pbe syscall nx rdtscp lm constant_tsc arch_perfmon pebs bts rep_good nopl xtopology tsc_reliable nonstop_tsc cpuid aperfmperf tsc_known_freq pni pclmulqdq dtes64 monitor ds_cpl vmx est tm2 ssse3 cx16 xtpr pdcm sse4_1 sse4_2 movbe popcnt tsc_deadline_timer rdrand lahf_lm 3dnowprefetch epb pti ibrs ibpb stibp tpr_shadow vnmi flexpriority ept vpid tsc_adjust smep erms dtherm ida arat md_clear
bugs		: cpu_meltdown spectre_v1 spectre_v2 mds msbds_only
bogomips	: 4331.60
clflush size	: 64
cache_alignment	: 64
address sizes	: 36 bits physical, 48 bits virtual
power management:

processor	: 1
vendor_id	: GenuineIntel
cpu family	: 6
model		: 55
model name	: Intel(R) Celeron(R) CPU  N2830  @ 2.16GHz
stepping	: 8
microcode	: 0x838
cpu MHz		: 627.838
cache size	: 1024 KB
physical id	: 0
siblings	: 2
core id		: 1
cpu cores	: 2
apicid		: 2
initial apicid	: 2
fpu		: yes
fpu_exception	: yes
cpuid level	: 11
wp		: yes
flags		: fpu vme de pse tsc msr pae mce cx8 apic sep mtrr pge mca cmov pat pse36 clflush dts acpi mmx fxsr sse sse2 ss ht tm pbe syscall nx rdtscp lm constant_tsc arch_perfmon pebs bts rep_good nopl xtopology tsc_reliable nonstop_tsc cpuid aperfmperf tsc_known_freq pni pclmulqdq dtes64 monitor ds_cpl vmx est tm2 ssse3 cx16 xtpr pdcm sse4_1 sse4_2 movbe popcnt tsc_deadline_timer rdrand lahf_lm 3dnowprefetch epb pti ibrs ibpb stibp tpr_shadow vnmi flexpriority ept vpid tsc_adjust smep erms dtherm ida arat md_clear
bugs		: cpu_meltdown spectre_v1 spectre_v2 mds msbds_only
bogomips	: 4331.60
clflush size	: 64
cache_alignment	: 64
address sizes	: 36 bits physical, 48 bits virtual
power management:



Memory: 4k page, physical 3921556k(111104k free), swap 0k(0k free)

vm_info: OpenJDK 64-Bit Server VM (25.222-b10) for linux-amd64 JRE (1.8.0_222-8u222-b10-1ubuntu1~19.04.1-b10), built on Jul 18 2019 18:52:48 by "buildd" with gcc 8.3.0

time: Sun Aug 25 20:10:13 2019
timezone: CEST
elapsed time: 46 seconds (0d 0h 0m 46s)

